2024/01/29 08:09:30 Starting...
2024/01/29 08:09:30 Service startedsss
2024/01/29 08:09:30 10.10.11.40:49676
2024/01/29 08:09:32 Order  Logoff
2024/01/29 08:09:32 Logoff win
2024/01/29 08:09:53 Order  Logoff
2024/01/29 08:09:53 Logoff win
2024/01/29 08:15:46 Order  Logoff
2024/01/29 08:15:46 Logoff win
2024/01/29 22:31:09 Starting...
2024/01/29 22:31:09 Service startedsss
2024/01/29 22:31:09 10.10.11.40:49670
2024/01/29 22:32:34 Order  Logoff
2024/01/29 22:32:34 Logoff win
2024/01/29 22:33:28 Order  Logoff
2024/01/29 22:33:28 Logoff win
2024/01/29 23:02:41 Starting...
2024/01/29 23:02:41 Service startedsss
2024/01/29 23:02:42 10.10.11.40:49675
2024/01/29 23:02:49 Order  Restart
2024/01/29 23:20:35 Stopping...
2024/01/29 23:20:35 Stopped.
2024/01/29 23:21:02 Starting...
2024/01/29 23:21:02 Service startedsss
2024/01/29 23:21:02 10.10.11.40:49676
2024/01/29 23:21:09 Order  Restart
2024/01/29 23:22:03 Stopping...
2024/01/29 23:22:03 Stopped.
